test_a_module (__main__.TestFunc) ... ok
test_b_analyze_text (__main__.TestFunc) ... FAIL
test_c_verify_hex (__main__.TestFunc) ... FAIL
test_d_find_duplicates (__main__.TestFunc) ... FAIL
test_e_types (__main__.TestFunc) ... FAIL
test_f_validate_email (__main__.TestFunc) ... FAIL

======================================================================
FAIL: test_b_analyze_text (__main__.TestFunc)
----------------------------------------------------------------------
Traceback (most recent call last):
  File "test_dbwebb.py", line 45, in test_b_analyze_text
    self.assertNotEqual(exam.analyze_text.__doc__.strip(), "Assignment 1")
AssertionError: 'Assignment 1' == 'Assignment 1'

======================================================================
FAIL: test_c_verify_hex (__main__.TestFunc)
----------------------------------------------------------------------
Traceback (most recent call last):
  File "test_dbwebb.py", line 60, in test_c_verify_hex
    self.assertNotEqual(exam.verify_hex.__doc__.strip(), "Assignment 2")
AssertionError: 'Assignment 2' == 'Assignment 2'

======================================================================
FAIL: test_d_find_duplicates (__main__.TestFunc)
----------------------------------------------------------------------
Traceback (most recent call last):
  File "test_dbwebb.py", line 75, in test_d_find_duplicates
    self.assertNotEqual(exam.find_duplicates.__doc__.strip(), "Assignment 3")
AssertionError: 'Assignment 3' == 'Assignment 3'

======================================================================
FAIL: test_e_types (__main__.TestFunc)
----------------------------------------------------------------------
Traceback (most recent call last):
  File "test_dbwebb.py", line 91, in test_e_types
    self.assertNotEqual(exam.types.__doc__.strip(), "Assignment 4")
AssertionError: 'Assignment 4' == 'Assignment 4'

======================================================================
FAIL: test_f_validate_email (__main__.TestFunc)
----------------------------------------------------------------------
Traceback (most recent call last):
  File "test_dbwebb.py", line 110, in test_f_validate_email
    self.assertNotEqual(exam.validate_email.__doc__.strip(), "Assignment 5")
AssertionError: 'Assignment 5' == 'Assignment 5'

----------------------------------------------------------------------
Ran 6 tests in 0.001s

FAILED (failures=5)
